<?xml version="1.0" encoding="UTF-8"?>
<testng-results ignored="0" total="1" passed="1" failed="0" skipped="0">
  <reporter-output>
  </reporter-output>
  <suite started-at="2021-10-08T16:48:00 EDT" name="Default suite" finished-at="2021-10-08T16:48:07 EDT" duration-ms="7010">
    <groups>
    </groups>
    <test started-at="2021-10-08T16:48:00 EDT" name="Default test" finished-at="2021-10-08T16:48:07 EDT" duration-ms="7010">
      <class name="OmayoSample.OpenInNewTabTest">
        <test-method signature="NewTab()[pri:0, instance:OmayoSample.OpenInNewTabTest@67c33749]" started-at="2021-10-08T16:48:00 EDT" name="NewTab" finished-at="2021-10-08T16:48:07 EDT" duration-ms="6937" status="PASS">
          <reporter-output>
          </reporter-output>
        </test-method> <!-- NewTab -->
      </class> <!-- OmayoSample.OpenInNewTabTest -->
    </test> <!-- Default test -->
  </suite> <!-- Default suite -->
</testng-results>
